<?xml version="1.0" encoding="UTF-8"?>
<!-- Generated by org.testng.reporters.JUnitReportReporter -->
<testsuite skipped="0" hostname="LAPTOP-4QEVCKI3" name="rahulshettyacademy.ExtentReports.ExtentReportDemo" tests="1" failures="0" timestamp="2020-05-12T17:51:07 IST" time="24.706" errors="0">
  <testcase name="initialDemo" time="24.706" classname="rahulshettyacademy.ExtentReports.ExtentReportDemo"/>
  <system-out/>
</testsuite> <!-- rahulshettyacademy.ExtentReports.ExtentReportDemo -->
